
 ---------------2025-07-11 14:49:32--------------

 ARADA Websites Monitoring Status :2025-07-11 14:49:38
{"arada.com":{"status":"Up","http_code":301},"wellfit.me":{"status":"Up","http_code":302},"manbat.ae":{"status":"Up","http_code":301},"visitzad.com":{"status":"Up","http_code":302},"boostjuice.ae":{"status":"Up","http_code":301},"raimondi.com":{"status":"Up","http_code":302},"kbw-ventures.com":{"status":"Up","http_code":301},"nestcampus.com":{"status":"Up","http_code":301},"yallawheels.com":{"status":"Up","http_code":302},"shajar.ae":{"status":"Up","http_code":302},"ngp-solutions.com":{"status":"Up","http_code":302},"hungrywolves.ae":{"status":"Up","http_code":302},"everwell.ae":{"status":"Up","http_code":301},"aradabrand.com":{"status":"Up","http_code":301},"baitelowal.com":{"status":"Up","http_code":302},"artalfashions.com":{"status":"Up","http_code":200},"kbw-investments.com":{"status":"Up","http_code":301},"techcarrot.ae":{"status":"Up","http_code":301}}
Failed to send email.

 ------------------------------------------------ 

 ---------------2025-07-11 14:49:54--------------

 ARADA Websites Monitoring Status :2025-07-11 14:50:00
{"arada.com":{"status":"Up","http_code":301},"wellfit.me":{"status":"Up","http_code":302},"manbat.ae":{"status":"Up","http_code":301},"visitzad.com":{"status":"Up","http_code":302},"boostjuice.ae":{"status":"Up","http_code":301},"raimondi.com":{"status":"Up","http_code":302},"kbw-ventures.com":{"status":"Up","http_code":301},"nestcampus.com":{"status":"Up","http_code":301},"yallawheels.com":{"status":"Up","http_code":302},"shajar.ae":{"status":"Up","http_code":302},"ngp-solutions.com":{"status":"Up","http_code":302},"hungrywolves.ae":{"status":"Up","http_code":302},"everwell.ae":{"status":"Up","http_code":301},"aradabrand.com":{"status":"Up","http_code":301},"baitelowal.com":{"status":"Up","http_code":302},"artalfashions.com":{"status":"Up","http_code":200},"kbw-investments.com":{"status":"Up","http_code":301},"techcarrots.ae":{"status":"Down","http_code":0}}
Failed to send email.

 ------------------------------------------------ 

 ---------------2025-07-11 14:50:07--------------

 ARADA Websites Monitoring Status :2025-07-11 14:50:12
{"arada.com":{"status":"Up","http_code":301},"wellfit.me":{"status":"Up","http_code":302},"manbat.ae":{"status":"Up","http_code":301},"visitzad.com":{"status":"Up","http_code":302},"boostjuice.ae":{"status":"Up","http_code":301},"raimondi.com":{"status":"Up","http_code":302},"kbw-ventures.com":{"status":"Up","http_code":301},"nestcampus.com":{"status":"Up","http_code":301},"yallawheels.com":{"status":"Up","http_code":302},"shajar.ae":{"status":"Up","http_code":302},"ngp-solutions.com":{"status":"Up","http_code":302},"hungrywolves.ae":{"status":"Up","http_code":302},"everwell.ae":{"status":"Up","http_code":301},"aradabrand.com":{"status":"Up","http_code":301},"baitelowal.com":{"status":"Up","http_code":302},"artalfashions.com":{"status":"Up","http_code":200},"kbw-investments.com":{"status":"Up","http_code":301},"techcarrot.ae":{"status":"Up","http_code":301}}
Failed to send email.

 ------------------------------------------------ 

 ---------------2025-07-11 14:51:39--------------

 ARADA Websites Monitoring Status :2025-07-11 14:51:45
{"arada.com":{"status":"Up","http_code":301},"wellfit.me":{"status":"Up","http_code":302},"manbat.ae":{"status":"Up","http_code":301},"visitzad.com":{"status":"Up","http_code":302},"boostjuice.ae":{"status":"Up","http_code":301},"raimondi.com":{"status":"Up","http_code":302},"kbw-ventures.com":{"status":"Up","http_code":301},"nestcampus.com":{"status":"Up","http_code":301},"yallawheels.com":{"status":"Up","http_code":302},"shajar.ae":{"status":"Up","http_code":302},"ngp-solutions.com":{"status":"Up","http_code":302},"hungrywolves.ae":{"status":"Up","http_code":302},"everwell.ae":{"status":"Up","http_code":301},"aradabrand.com":{"status":"Up","http_code":301},"baitelowal.com":{"status":"Up","http_code":302},"artalfashions.com":{"status":"Up","http_code":200},"kbw-investments.com":{"status":"Up","http_code":301}}
Failed to send email.

 ------------------------------------------------ 
